Cargando datos desde D:\Repositorios\Modelos_ML\data\stores_sales_forecasting.csv
Datos cargados: 2121 filas, 21 columnas
Datos filtrados: 2121 filas v谩lidas
Entrenamiento optimizado para Quantity
Optimizaci贸n para objetivo: Quantity
Cargando datos desde D:\Repositorios\Modelos_ML\data\stores_sales_forecasting.csv
Datos cargados: 2121 filas, 21 columnas
Datos filtrados: 2121 filas v谩lidas
Entrenamiento optimizado para Quantity
Optimizaci贸n para objetivo: Quantity
 Preparando datos para escalado...
Cargando datos desde D:\Repositorios\Modelos_ML\data\stores_sales_forecasting.csv
Datos cargados: 2121 filas, 21 columnas
Datos filtrados: 2121 filas v谩lidas
Entrenamiento optimizado para Quantity
Optimizaci贸n para objetivo: Quantity
 Preparando datos para escalado...
Cargando datos desde D:\Repositorios\Modelos_ML\data\stores_sales_forecasting.csv
Datos cargados: 2121 filas, 21 columnas
Datos filtrados: 2121 filas v谩lidas
Entrenamiento optimizado para Quantity
Optimizaci贸n para objetivo: Quantity
 Preparando datos para escalado...
 Entrenando ensemble de modelos...
Cargando datos desde D:\Repositorios\Modelos_ML\data\stores_sales_forecasting.csv
Datos cargados: 2121 filas, 21 columnas
Datos filtrados: 2121 filas v谩lidas
Entrenamiento optimizado para Quantity
Optimizaci贸n para objetivo: Quantity
 Preparando datos para escalado...
 Entrenando ensemble de modelos...
Cargando datos desde D:\Repositorios\Modelos_ML\data\stores_sales_forecasting.csv
Datos cargados: 2121 filas, 21 columnas
Datos filtrados: 2121 filas v谩lidas
Entrenamiento optimizado para Quantity
Optimizaci贸n para objetivo: Quantity
 Preparando datos para escalado...
 Entrenando ensemble de modelos...
 Entrenando ensemble de modelos...
Cargando datos desde D:\Repositorios\Modelos_ML\data\stores_sales_forecasting.csv
Datos cargados: 2121 filas, 21 columnas
Datos filtrados: 2121 filas v谩lidas
Entrenamiento optimizado para Quantity
Optimizaci贸n para objetivo: Quantity
 Preparando datos para escalado...
 Entrenando ensemble de modelos...
 Entrenando ensemble de modelos...
Modelo entrenado, evaluando...
Cargando datos desde D:\Repositorios\Modelos_ML\data\stores_sales_forecasting.csv
Datos cargados: 2121 filas, 21 columnas
Datos filtrados: 2121 filas v谩lidas
Entrenamiento optimizado para Quantity
Optimizaci贸n para objetivo: Quantity
 Preparando datos para escalado...
 Entrenando ensemble de modelos...
 Entrenando ensemble de modelos...
Cargando datos desde D:\Repositorios\Modelos_ML\data\stores_sales_forecasting.csv
Datos cargados: 2121 filas, 21 columnas
Datos filtrados: 2121 filas v谩lidas
Entrenamiento optimizado para Quantity
Optimizaci贸n para objetivo: Quantity
 Preparando datos para escalado...
 Entrenando ensemble de modelos...
 Entrenando ensemble de modelos...
Cargando datos desde D:\Repositorios\Modelos_ML\data\stores_sales_forecasting.csv
Datos cargados: 2121 filas, 21 columnas
Datos filtrados: 2121 filas v谩lidas
Entrenamiento optimizado para Quantity
Optimizaci贸n para objetivo: Quantity
 Preparando datos para escalado...
 Entrenando ensemble de modelos...
 Entrenando ensemble de modelos...
Cargando datos desde D:\Repositorios\Modelos_ML\data\stores_sales_forecasting.csv
Datos cargados: 2121 filas, 21 columnas
Datos filtrados: 2121 filas v谩lidas
Entrenamiento optimizado para Quantity
Optimizaci贸n para objetivo: Quantity
 Preparando datos para escalado...
 Entrenando ensemble de modelos...
 Entrenando ensemble de modelos...
Cargando datos desde D:\Repositorios\Modelos_ML\data\stores_sales_forecasting.csv
Datos cargados: 2121 filas, 21 columnas
Datos filtrados: 2121 filas v谩lidas
Entrenamiento optimizado para Quantity
Optimizaci贸n para objetivo: Quantity
 Preparando datos para escalado...
 Entrenando ensemble de modelos...
 Entrenando ensemble de modelos...
Cargando datos desde D:\Repositorios\Modelos_ML\data\stores_sales_forecasting.csv
Datos cargados: 2121 filas, 21 columnas
Datos filtrados: 2121 filas v谩lidas
Entrenamiento optimizado para Quantity
Optimizaci贸n para objetivo: Quantity
 Preparando datos para escalado...
 Entrenando ensemble de modelos...
 Entrenando ensemble de modelos...
Modelo entrenado, evaluando...
Entrenamiento Quantity finalizado en 0:07:27.588391
Entrenamiento optimizado para Profit
Optimizaci贸n para objetivo: Profit
 Preparando datos para escalado...
 Entrenando ensemble de modelos...
 Entrenando ensemble de modelos...
Modelo entrenado, evaluando...
